
Thu 14 Mar 2024 08:33:53 PM UTC: 
 exercises.c | 48 +++++++++++++++++++++++++++++++++++++++++++++---
 1 file changed, 45 insertions(+), 3 deletions(-)
In file included from test.c:1:
exercises.c: In function ‘mergeSortedArrays’:
exercises.c:66:12: error: expected expression before ‘[’ token
   66 |   result = [size1 + size2];
      |            ^
Compilation failed
f878255
Thu 14 Mar 2024 08:34:17 PM UTC: 
 exercises.c | 3 +--
 1 file changed, 1 insertion(+), 2 deletions(-)
In file included from test.c:1:
exercises.c: In function ‘mergeSortedArrays’:
exercises.c:65:12: error: expected expression before ‘[’ token
   65 |   result = [size1 + size2];
      |            ^
Compilation failed
2487210
Thu 14 Mar 2024 08:34:41 PM UTC: 
 exercises.c | 2 +-
 1 file changed, 1 insertion(+), 1 deletion(-)
In file included from test.c:1:
exercises.c: In function ‘mergeSortedArrays’:
exercises.c:65:12: error: expected expression before ‘[’ token
   65 |   result = [size1 + size2]
      |            ^
exercises.c:65:27: error: expected ‘;’ before ‘while’
   65 |   result = [size1 + size2]
      |                           ^
      |                           ;
   66 |   while (i < size1 && j < size2)
      |   ~~~~~                    
exercises.c:69:5: error: ‘else’ without a previous ‘if’
   69 |     else
      |     ^~~~
Compilation failed
0939edc
Thu 14 Mar 2024 08:35:16 PM UTC: 
 exercises.c | 2 +-
 1 file changed, 1 insertion(+), 1 deletion(-)
In file included from test.c:1:
exercises.c: In function ‘mergeSortedArrays’:
exercises.c:65:13: error: expected expression before ‘[’ token
   65 |   *result = [size1 + size2];
      |             ^
Compilation failed
20a3e07
Thu 14 Mar 2024 08:36:28 PM UTC: 
 exercises.c | 2 +-
 1 file changed, 1 insertion(+), 1 deletion(-)
In file included from test.c:1:
exercises.c: In function ‘mergeSortedArrays’:
exercises.c:65:10: error: expected expression before ‘]’ token
   65 |   result[] = [size1 + size2];
      |          ^
Compilation failed
7ff6f4a
Thu 14 Mar 2024 08:36:59 PM UTC: 
 exercises.c | 2 +-
 1 file changed, 1 insertion(+), 1 deletion(-)
In file included from test.c:1:
exercises.c: In function ‘mergeSortedArrays’:
exercises.c:65:7: error: ‘result’ redeclared as different kind of symbol
   65 |   int result[] = [size1 + size2];
      |       ^~~~~~
exercises.c:62:74: note: previous definition of ‘result’ with type ‘int *’
   62 | void mergeSortedArrays(int arr1[], int size1, int arr2[], int size2, int result[])
      |                                                                      ~~~~^~~~~~~~
exercises.c:65:18: error: expected expression before ‘[’ token
   65 |   int result[] = [size1 + size2];
      |                  ^
exercises.c:65:7: error: variable ‘result’ set but not used [-Werror=unused-but-set-variable]
   65 |   int result[] = [size1 + size2];
      |       ^~~~~~
cc1: all warnings being treated as errors
Compilation failed
3586ee5
Thu 14 Mar 2024 08:37:08 PM UTC: 
 exercises.c | 2 +-
 1 file changed, 1 insertion(+), 1 deletion(-)
In file included from test.c:1:
exercises.c: In function ‘mergeSortedArrays’:
exercises.c:65:8: error: ‘result’ redeclared as different kind of symbol
   65 |   int* result[] = [size1 + size2];
      |        ^~~~~~
exercises.c:62:74: note: previous definition of ‘result’ with type ‘int *’
   62 | void mergeSortedArrays(int arr1[], int size1, int arr2[], int size2, int result[])
      |                                                                      ~~~~^~~~~~~~
exercises.c:65:19: error: expected expression before ‘[’ token
   65 |   int* result[] = [size1 + size2];
      |                   ^
exercises.c:68:19: error: assignment to ‘int *’ from ‘int’ makes pointer from integer without a cast [-Werror=int-conversion]
   68 |       result[k++] = arr1[i++];
      |                   ^
exercises.c:70:19: error: assignment to ‘int *’ from ‘int’ makes pointer from integer without a cast [-Werror=int-conversion]
   70 |       result[k++] = arr2[j++];
      |                   ^
exercises.c:73:17: error: assignment to ‘int *’ from ‘int’ makes pointer from integer without a cast [-Werror=int-conversion]
   73 |     result[k++] = arr1[i++];
      |                 ^
exercises.c:76:19: error: assignment to ‘int *’ from ‘int’ makes pointer from integer without a cast [-Werror=int-conversion]
   76 |       result[k++] = arr2[i++];
      |                   ^
exercises.c:65:8: error: variable ‘result’ set but not used [-Werror=unused-but-set-variable]
   65 |   int* result[] = [size1 + size2];
      |        ^~~~~~
cc1: all warnings being treated as errors
Compilation failed
9bf3056
Thu 14 Mar 2024 08:40:49 PM UTC: 
 exercises.c | 4 +++-
 1 file changed, 3 insertions(+), 1 deletion(-)
 tests:  0|5
total_score: 20/70
ea48dc9
Thu 14 Mar 2024 08:42:21 PM UTC: 
 exercises.c | 4 ----
 1 file changed, 4 deletions(-)
 tests:  0|5
total_score: 20/70
8dd6862
Thu 14 Mar 2024 08:44:01 PM UTC: 
 exercises.c | 4 ++--
 1 file changed, 2 insertions(+), 2 deletions(-)
 tests:  0|5
total_score: 20/70
8cf94ee
Thu 14 Mar 2024 08:45:57 PM UTC: 
 exercises.c | 6 +++++-
 1 file changed, 5 insertions(+), 1 deletion(-)
In file included from test.c:1:
exercises.c: In function ‘mergeSortedArrays’:
exercises.c:69:26: error: expected ‘)’ before ‘{’ token
   69 |     if (arr1[i] < arr2[j]
      |        ~                 ^
      |                          )
   70 |     {
      |     ~                     
exercises.c:79:1: error: expected expression before ‘}’ token
   79 | }
      | ^
exercises.c:66:21: error: unused variable ‘k’ [-Werror=unused-variable]
   66 |   int i = 0, j = 0, k = 0;
      |                     ^
cc1: all warnings being treated as errors
Compilation failed
afa68ab
Thu 14 Mar 2024 08:46:37 PM UTC: 
 exercises.c | 10 ++++------
 1 file changed, 4 insertions(+), 6 deletions(-)
 tests:  0|5
total_score: 20/70
09bddbb
Thu 14 Mar 2024 08:48:38 PM UTC: 
 exercises.c | 10 ++++------
 1 file changed, 4 insertions(+), 6 deletions(-)
In file included from test.c:1:
exercises.c: In function ‘mergeSortedArrays’:
exercises.c:64:8: error: ‘result’ redeclared as different kind of symbol
   64 |   int *result = (int *)malloc((size1 + size2) * sizeof(int));
      |        ^~~~~~
exercises.c:62:74: note: previous definition of ‘result’ with type ‘int *’
   62 | void mergeSortedArrays(int arr1[], int size1, int arr2[], int size2, int result[])
      |                                                                      ~~~~^~~~~~~~
Compilation failed
b7a305f
Thu 14 Mar 2024 08:50:46 PM UTC: 
 exercises.c | 12 ++++++++++--
 1 file changed, 10 insertions(+), 2 deletions(-)
In file included from test.c:1:
exercises.c: In function ‘reverseArray’:
exercises.c:31:3: error: this ‘for’ clause does not guard... [-Werror=misleading-indentation]
   31 |   for (int i = 0; i < size / 2; i++)
      |   ^~~
exercises.c:33:5: note: ...this statement, but the latter is misleadingly indented as if it were guarded by the ‘for’
   33 |     arr[i] = arr[size - i - 1];
      |     ^~~
exercises.c:33:9: error: ‘i’ undeclared (first use in this function)
   33 |     arr[i] = arr[size - i - 1];
      |         ^
exercises.c:33:9: note: each undeclared identifier is reported only once for each function it appears in
cc1: all warnings being treated as errors
Compilation failed
9b21482
Thu 14 Mar 2024 08:51:36 PM UTC: 
 exercises.c | 3 +++
 1 file changed, 3 insertions(+)
 tests:  0|4
total_score: 30/70
a27ae8f
Thu 14 Mar 2024 08:54:23 PM UTC: 
 exercises.c | 2 +-
 1 file changed, 1 insertion(+), 1 deletion(-)
In file included from test.c:1:
exercises.c: In function ‘mergeSortedArrays’:
exercises.c:75:9: error: statement with no effect [-Werror=unused-value]
   75 |   result[size1 + size2];
      |   ~~~~~~^~~~~~~~~~~~~~~
cc1: all warnings being treated as errors
Compilation failed
c9f486f
Thu 14 Mar 2024 08:54:51 PM UTC: 
 exercises.c | 2 +-
 1 file changed, 1 insertion(+), 1 deletion(-)
In file included from test.c:1:
exercises.c: In function ‘mergeSortedArrays’:
exercises.c:75:7: error: ‘result’ redeclared as different kind of symbol
   75 |   int result[size1 + size2];
      |       ^~~~~~
exercises.c:73:74: note: previous definition of ‘result’ with type ‘int *’
   73 | void mergeSortedArrays(int arr1[], int size1, int arr2[], int size2, int result[])
      |                                                                      ~~~~^~~~~~~~
exercises.c:75:7: error: variable ‘result’ set but not used [-Werror=unused-but-set-variable]
   75 |   int result[size1 + size2];
      |       ^~~~~~
cc1: all warnings being treated as errors
Compilation failed
92457aa
Thu 14 Mar 2024 08:55:10 PM UTC: 
 exercises.c | 2 +-
 1 file changed, 1 insertion(+), 1 deletion(-)
In file included from test.c:1:
exercises.c: In function ‘mergeSortedArrays’:
exercises.c:75:11: error: assignment to ‘int’ from ‘int *’ makes integer from pointer without a cast [-Werror=int-conversion]
   75 |   *result = (int *)malloc((size1 + size2) * sizeof(int));
      |           ^
cc1: all warnings being treated as errors
Compilation failed
e739ef8
Thu 14 Mar 2024 08:55:21 PM UTC: 
 exercises.c | 2 +-
 1 file changed, 1 insertion(+), 1 deletion(-)
 tests:  0|4
total_score: 30/70
4347510
Thu 14 Mar 2024 08:56:57 PM UTC: 
 exercises.c | 2 +-
 1 file changed, 1 insertion(+), 1 deletion(-)
 tests:  0|4
total_score: 30/70
197d7dd
Thu 14 Mar 2024 08:57:32 PM UTC: 
 exercises.c | 6 ++++++
 1 file changed, 6 insertions(+)
 tests:  0|3
total_score: 40/70
5b39972
Thu 14 Mar 2024 09:02:30 PM UTC: 
 exercises.c | 15 ++++++++++++++-
 1 file changed, 14 insertions(+), 1 deletion(-)
In file included from test.c:1:
exercises.c:122:1: error: expected ‘;’, ‘,’ or ‘)’ before ‘{’ token
  122 | {
      | ^
Compilation failed
b59ae13
Thu 14 Mar 2024 09:02:42 PM UTC: 
 exercises.c | 2 +-
 1 file changed, 1 insertion(+), 1 deletion(-)
In file included from test.c:1:
exercises.c: In function ‘inicializarLibro’:
exercises.c:123:3: error: statement with no effect [-Werror=unused-value]
  123 |   libro nuevoLibro = (libro*) malloc(sizeof(libro) * 1;
      |   ^~~~~
exercises.c:123:8: error: expected ‘;’ before ‘nuevoLibro’
  123 |   libro nuevoLibro = (libro*) malloc(sizeof(libro) * 1;
      |        ^~~~~~~~~~~
      |        ;
exercises.c:151:1: error: unknown type name ‘Nodo’
  151 | Nodo *crearListaEnlazada(int arr[], int size) { return NULL; }
      | ^~~~
exercises.c:151:47: error: expected ‘=’, ‘,’, ‘;’, ‘asm’ or ‘__attribute__’ before ‘{’ token
  151 | Nodo *crearListaEnlazada(int arr[], int size) { return NULL; }
      |                                               ^
test.c:37:24: error: unknown type name ‘Nodo’
   37 | void print_linked_list(Nodo* lista) {
      |                        ^~~~
test.c: In function ‘test_crearListaEnlazada’:
test.c:331:5: error: unknown type name ‘Nodo’
  331 |     Nodo* lista = crearListaEnlazada(arr, size);
      |     ^~~~
test.c:331:19: error: implicit declaration of function ‘crearListaEnlazada’; did you mean ‘test_crearListaEnlazada’? [-Werror=implicit-function-declaration]
  331 |     Nodo* lista = crearListaEnlazada(arr, size);
      |                   ^~~~~~~~~~~~~~~~~~
      |                   test_crearListaEnlazada
test.c:331:19: error: initialization of ‘int *’ from ‘int’ makes pointer from integer without a cast [-Werror=int-conversion]
test.c:333:5: error: unknown type name ‘Nodo’
  333 |     Nodo* current = lista;
      |     ^~~~
test.c:336:37: error: request for member ‘numero’ in something not a structure or union
  336 |       if (current == NULL || current->numero != arr[i]) {
      |                                     ^~
test.c:339:9: error: implicit declaration of function ‘print_linked_list’ [-Werror=implicit-function-declaration]
  339 |         print_linked_list(lista);
      |         ^~~~~~~~~~~~~~~~~
test.c:343:11: error: unknown type name ‘Nodo’
  343 |           Nodo* temp = lista;
      |           ^~~~
test.c:344:24: error: request for member ‘siguiente’ in something not a structure or union
  344 |           lista = lista->siguiente;
      |                        ^~
test.c:349:24: error: request for member ‘siguiente’ in something not a structure or union
  349 |       current = current->siguiente;
      |                        ^~
test.c:360:9: error: unknown type name ‘Nodo’
  360 |         Nodo* temp = lista;
      |         ^~~~
test.c:361:22: error: request for member ‘siguiente’ in something not a structure or union
  361 |         lista = lista->siguiente;
      |                      ^~
test.c:369:7: error: unknown type name ‘Nodo’
  369 |       Nodo* temp = lista;
      |       ^~~~
test.c:370:20: error: request for member ‘siguiente’ in something not a structure or union
  370 |       lista = lista->siguiente;
      |                    ^~
test.c: In function ‘inicializarLibro’:
test.c:382:5: error: ‘main’ is normally a non-static function [-Werror=main]
  382 | int main(int argc, char *argv[]) {
      |     ^~~~
test.c:410:1: error: expected declaration or statement at end of input
  410 | }
      | ^
test.c:7:6: error: unused variable ‘msg’ [-Werror=unused-variable]
    7 | char msg[300];
      |      ^~~
At top level:
test.c:382:5: error: ‘main’ defined but not used [-Werror=unused-function]
  382 | int main(int argc, char *argv[]) {
      |     ^~~~
test.c:47:6: error: ‘readIntArray’ defined but not used [-Werror=unused-function]
   47 | void readIntArray(int arr[], int *size) {
      |      ^~~~~~~~~~~~
cc1: all warnings being treated as errors
Compilation failed
69f1a60
Thu 14 Mar 2024 09:03:16 PM UTC: 
 exercises.c | 3 +--
 1 file changed, 1 insertion(+), 2 deletions(-)
In file included from test.c:1:
exercises.c: In function ‘inicializarLibro’:
exercises.c:122:10: error: ‘nuevoLibro’ undeclared (first use in this function)
  122 |   libro* nuevoLibro = (libro*) malloc(sizeof(libro) * 1;
      |          ^~~~~~~~~~
exercises.c:122:10: note: each undeclared identifier is reported only once for each function it appears in
exercises.c:122:30: error: expected expression before ‘)’ token
  122 |   libro* nuevoLibro = (libro*) malloc(sizeof(libro) * 1;
      |                              ^
exercises.c:150:1: error: unknown type name ‘Nodo’
  150 | Nodo *crearListaEnlazada(int arr[], int size) { return NULL; }
      | ^~~~
exercises.c:150:47: error: expected ‘=’, ‘,’, ‘;’, ‘asm’ or ‘__attribute__’ before ‘{’ token
  150 | Nodo *crearListaEnlazada(int arr[], int size) { return NULL; }
      |                                               ^
test.c:37:24: error: unknown type name ‘Nodo’
   37 | void print_linked_list(Nodo* lista) {
      |                        ^~~~
test.c: In function ‘test_crearListaEnlazada’:
test.c:331:5: error: unknown type name ‘Nodo’
  331 |     Nodo* lista = crearListaEnlazada(arr, size);
      |     ^~~~
test.c:331:19: error: implicit declaration of function ‘crearListaEnlazada’; did you mean ‘test_crearListaEnlazada’? [-Werror=implicit-function-declaration]
  331 |     Nodo* lista = crearListaEnlazada(arr, size);
      |                   ^~~~~~~~~~~~~~~~~~
      |                   test_crearListaEnlazada
test.c:331:19: error: initialization of ‘int *’ from ‘int’ makes pointer from integer without a cast [-Werror=int-conversion]
test.c:333:5: error: unknown type name ‘Nodo’
  333 |     Nodo* current = lista;
      |     ^~~~
test.c:336:37: error: request for member ‘numero’ in something not a structure or union
  336 |       if (current == NULL || current->numero != arr[i]) {
      |                                     ^~
test.c:339:9: error: implicit declaration of function ‘print_linked_list’ [-Werror=implicit-function-declaration]
  339 |         print_linked_list(lista);
      |         ^~~~~~~~~~~~~~~~~
test.c:343:11: error: unknown type name ‘Nodo’
  343 |           Nodo* temp = lista;
      |           ^~~~
test.c:344:24: error: request for member ‘siguiente’ in something not a structure or union
  344 |           lista = lista->siguiente;
      |                        ^~
test.c:349:24: error: request for member ‘siguiente’ in something not a structure or union
  349 |       current = current->siguiente;
      |                        ^~
test.c:360:9: error: unknown type name ‘Nodo’
  360 |         Nodo* temp = lista;
      |         ^~~~
test.c:361:22: error: request for member ‘siguiente’ in something not a structure or union
  361 |         lista = lista->siguiente;
      |                      ^~
test.c:369:7: error: unknown type name ‘Nodo’
  369 |       Nodo* temp = lista;
      |       ^~~~
test.c:370:20: error: request for member ‘siguiente’ in something not a structure or union
  370 |       lista = lista->siguiente;
      |                    ^~
test.c: In function ‘inicializarLibro’:
test.c:382:5: error: ‘main’ is normally a non-static function [-Werror=main]
  382 | int main(int argc, char *argv[]) {
      |     ^~~~
test.c:410:1: error: expected declaration or statement at end of input
  410 | }
      | ^
test.c:7:6: error: unused variable ‘msg’ [-Werror=unused-variable]
    7 | char msg[300];
      |      ^~~
At top level:
test.c:382:5: error: ‘main’ defined but not used [-Werror=unused-function]
  382 | int main(int argc, char *argv[]) {
      |     ^~~~
test.c:47:6: error: ‘readIntArray’ defined but not used [-Werror=unused-function]
   47 | void readIntArray(int arr[], int *size) {
      |      ^~~~~~~~~~~~
cc1: all warnings being treated as errors
Compilation failed
8d3c747
Thu 14 Mar 2024 09:03:36 PM UTC: 
 exercises.c | 3 +--
 1 file changed, 1 insertion(+), 2 deletions(-)
In file included from test.c:1:
exercises.c: In function ‘inicializarLibro’:
exercises.c:122:10: error: ‘nuevoLibro’ undeclared (first use in this function)
  122 |   libro* nuevoLibro = (libro*) malloc(sizeof(libro) * 1;
      |          ^~~~~~~~~~
exercises.c:122:10: note: each undeclared identifier is reported only once for each function it appears in
exercises.c:122:30: error: expected expression before ‘)’ token
  122 |   libro* nuevoLibro = (libro*) malloc(sizeof(libro) * 1;
      |                              ^
exercises.c:149:1: error: unknown type name ‘Nodo’
  149 | Nodo *crearListaEnlazada(int arr[], int size) { return NULL; }
      | ^~~~
exercises.c:149:47: error: expected ‘=’, ‘,’, ‘;’, ‘asm’ or ‘__attribute__’ before ‘{’ token
  149 | Nodo *crearListaEnlazada(int arr[], int size) { return NULL; }
      |                                               ^
test.c:37:24: error: unknown type name ‘Nodo’
   37 | void print_linked_list(Nodo* lista) {
      |                        ^~~~
test.c: In function ‘test_crearListaEnlazada’:
test.c:331:5: error: unknown type name ‘Nodo’
  331 |     Nodo* lista = crearListaEnlazada(arr, size);
      |     ^~~~
test.c:331:19: error: implicit declaration of function ‘crearListaEnlazada’; did you mean ‘test_crearListaEnlazada’? [-Werror=implicit-function-declaration]
  331 |     Nodo* lista = crearListaEnlazada(arr, size);
      |                   ^~~~~~~~~~~~~~~~~~
      |                   test_crearListaEnlazada
test.c:331:19: error: initialization of ‘int *’ from ‘int’ makes pointer from integer without a cast [-Werror=int-conversion]
test.c:333:5: error: unknown type name ‘Nodo’
  333 |     Nodo* current = lista;
      |     ^~~~
test.c:336:37: error: request for member ‘numero’ in something not a structure or union
  336 |       if (current == NULL || current->numero != arr[i]) {
      |                                     ^~
test.c:339:9: error: implicit declaration of function ‘print_linked_list’ [-Werror=implicit-function-declaration]
  339 |         print_linked_list(lista);
      |         ^~~~~~~~~~~~~~~~~
test.c:343:11: error: unknown type name ‘Nodo’
  343 |           Nodo* temp = lista;
      |           ^~~~
test.c:344:24: error: request for member ‘siguiente’ in something not a structure or union
  344 |           lista = lista->siguiente;
      |                        ^~
test.c:349:24: error: request for member ‘siguiente’ in something not a structure or union
  349 |       current = current->siguiente;
      |                        ^~
test.c:360:9: error: unknown type name ‘Nodo’
  360 |         Nodo* temp = lista;
      |         ^~~~
test.c:361:22: error: request for member ‘siguiente’ in something not a structure or union
  361 |         lista = lista->siguiente;
      |                      ^~
test.c:369:7: error: unknown type name ‘Nodo’
  369 |       Nodo* temp = lista;
      |       ^~~~
test.c:370:20: error: request for member ‘siguiente’ in something not a structure or union
  370 |       lista = lista->siguiente;
      |                    ^~
test.c: In function ‘inicializarLibro’:
test.c:382:5: error: ‘main’ is normally a non-static function [-Werror=main]
  382 | int main(int argc, char *argv[]) {
      |     ^~~~
test.c:410:1: error: expected declaration or statement at end of input
  410 | }
      | ^
test.c:7:6: error: unused variable ‘msg’ [-Werror=unused-variable]
    7 | char msg[300];
      |      ^~~
At top level:
test.c:382:5: error: ‘main’ defined but not used [-Werror=unused-function]
  382 | int main(int argc, char *argv[]) {
      |     ^~~~
test.c:47:6: error: ‘readIntArray’ defined but not used [-Werror=unused-function]
   47 | void readIntArray(int arr[], int *size) {
      |      ^~~~~~~~~~~~
cc1: all warnings being treated as errors
Compilation failed
759b4c5
Thu 14 Mar 2024 09:05:05 PM UTC: 
 exercises.c | 13 +------------
 1 file changed, 1 insertion(+), 12 deletions(-)
 tests:  0|3
total_score: 40/70
8ec8b99
Thu 14 Mar 2024 09:05:18 PM UTC: 
 exercises.c | 7 ++++++-
 1 file changed, 6 insertions(+), 1 deletion(-)
In file included from test.c:1:
exercises.c: In function ‘inicializarLibro’:
exercises.c:122:10: error: ‘nuevoLibro’ undeclared (first use in this function)
  122 |   libro* nuevoLibro = (libro*) malloc(sizeof(libro) * 1;
      |          ^~~~~~~~~~
exercises.c:122:10: note: each undeclared identifier is reported only once for each function it appears in
exercises.c:122:30: error: expected expression before ‘)’ token
  122 |   libro* nuevoLibro = (libro*) malloc(sizeof(libro) * 1;
      |                              ^
exercises.c:143:1: error: unknown type name ‘Nodo’
  143 | Nodo *crearListaEnlazada(int arr[], int size) { return NULL; }
      | ^~~~
exercises.c:143:47: error: expected ‘=’, ‘,’, ‘;’, ‘asm’ or ‘__attribute__’ before ‘{’ token
  143 | Nodo *crearListaEnlazada(int arr[], int size) { return NULL; }
      |                                               ^
test.c:37:24: error: unknown type name ‘Nodo’
   37 | void print_linked_list(Nodo* lista) {
      |                        ^~~~
test.c: In function ‘test_crearListaEnlazada’:
test.c:331:5: error: unknown type name ‘Nodo’
  331 |     Nodo* lista = crearListaEnlazada(arr, size);
      |     ^~~~
test.c:331:19: error: implicit declaration of function ‘crearListaEnlazada’; did you mean ‘test_crearListaEnlazada’? [-Werror=implicit-function-declaration]
  331 |     Nodo* lista = crearListaEnlazada(arr, size);
      |                   ^~~~~~~~~~~~~~~~~~
      |                   test_crearListaEnlazada
test.c:331:19: error: initialization of ‘int *’ from ‘int’ makes pointer from integer without a cast [-Werror=int-conversion]
test.c:333:5: error: unknown type name ‘Nodo’
  333 |     Nodo* current = lista;
      |     ^~~~
test.c:336:37: error: request for member ‘numero’ in something not a structure or union
  336 |       if (current == NULL || current->numero != arr[i]) {
      |                                     ^~
test.c:339:9: error: implicit declaration of function ‘print_linked_list’ [-Werror=implicit-function-declaration]
  339 |         print_linked_list(lista);
      |         ^~~~~~~~~~~~~~~~~
test.c:343:11: error: unknown type name ‘Nodo’
  343 |           Nodo* temp = lista;
      |           ^~~~
test.c:344:24: error: request for member ‘siguiente’ in something not a structure or union
  344 |           lista = lista->siguiente;
      |                        ^~
test.c:349:24: error: request for member ‘siguiente’ in something not a structure or union
  349 |       current = current->siguiente;
      |                        ^~
test.c:360:9: error: unknown type name ‘Nodo’
  360 |         Nodo* temp = lista;
      |         ^~~~
test.c:361:22: error: request for member ‘siguiente’ in something not a structure or union
  361 |         lista = lista->siguiente;
      |                      ^~
test.c:369:7: error: unknown type name ‘Nodo’
  369 |       Nodo* temp = lista;
      |       ^~~~
test.c:370:20: error: request for member ‘siguiente’ in something not a structure or union
  370 |       lista = lista->siguiente;
      |                    ^~
test.c: In function ‘inicializarLibro’:
test.c:382:5: error: ‘main’ is normally a non-static function [-Werror=main]
  382 | int main(int argc, char *argv[]) {
      |     ^~~~
test.c:410:1: error: expected declaration or statement at end of input
  410 | }
      | ^
test.c:7:6: error: unused variable ‘msg’ [-Werror=unused-variable]
    7 | char msg[300];
      |      ^~~
At top level:
test.c:382:5: error: ‘main’ defined but not used [-Werror=unused-function]
  382 | int main(int argc, char *argv[]) {
      |     ^~~~
test.c:47:6: error: ‘readIntArray’ defined but not used [-Werror=unused-function]
   47 | void readIntArray(int arr[], int *size) {
      |      ^~~~~~~~~~~~
cc1: all warnings being treated as errors
Compilation failed
3fa4846
Thu 14 Mar 2024 09:06:23 PM UTC: 
 exercises.c | 2 +-
 1 file changed, 1 insertion(+), 1 deletion(-)
In file included from test.c:1:
exercises.c: In function ‘inicializarLibro’:
exercises.c:122:10: error: ‘nuevoLibro’ undeclared (first use in this function)
  122 |   libro* nuevoLibro = (libro*) malloc(sizeof(libro) * 1);
      |          ^~~~~~~~~~
exercises.c:122:10: note: each undeclared identifier is reported only once for each function it appears in
exercises.c:122:30: error: expected expression before ‘)’ token
  122 |   libro* nuevoLibro = (libro*) malloc(sizeof(libro) * 1);
      |                              ^
Compilation failed
22dbf88
Thu 14 Mar 2024 09:06:55 PM UTC: 
 exercises.c | 6 +++---
 1 file changed, 3 insertions(+), 3 deletions(-)
In file included from test.c:1:
exercises.c: In function ‘inicializarLibro’:
exercises.c:122:18: error: expected expression before ‘)’ token
  122 |   libro = (libro*) malloc(sizeof(libro) * 1);
      |                  ^
Compilation failed
0d7b183
Thu 14 Mar 2024 09:07:13 PM UTC: 
 exercises.c | 2 +-
 1 file changed, 1 insertion(+), 1 deletion(-)
 tests:  0|0
8f0515d
Thu 14 Mar 2024 09:07:27 PM UTC: 
 exercises.c | 2 +-
 1 file changed, 1 insertion(+), 1 deletion(-)
In file included from test.c:1:
exercises.c: In function ‘inicializarLibro’:
exercises.c:122:18: error: expected expression before ‘)’ token
  122 |   libro = (libro*)  malloc(sizeof(libro) * 1);
      |                  ^
Compilation failed
ed83114
Thu 14 Mar 2024 09:07:34 PM UTC: 
 exercises.c | 2 +-
 1 file changed, 1 insertion(+), 1 deletion(-)
In file included from test.c:1:
exercises.c: In function ‘inicializarLibro’:
exercises.c:122:18: error: expected ‘;’ before ‘malloc’
  122 |   libro = (libro)  malloc(sizeof(libro) * 1);
      |                  ^ ~~~~~~
      |                  ;
Compilation failed
5fe3e8a
Thu 14 Mar 2024 09:08:14 PM UTC: 
 exercises.c | 3 ++-
 1 file changed, 2 insertions(+), 1 deletion(-)
 tests:  0|2
total_score: 50/70
257e9a0
Thu 14 Mar 2024 09:13:27 PM UTC: 
 exercises.c | 24 ++++++++++++++++++++++--
 1 file changed, 22 insertions(+), 2 deletions(-)
 tests:  0|3
total_score: 40/70
5bc44e2
Thu 14 Mar 2024 09:16:01 PM UTC: 
 exercises.c | 6 ++----
 1 file changed, 2 insertions(+), 4 deletions(-)
 tests:  0|3
total_score: 40/70
1f4309c
Thu 14 Mar 2024 09:18:55 PM UTC: 
 exercises.c | 6 +-----
 1 file changed, 1 insertion(+), 5 deletions(-)
 tests:  0|2
total_score: 50/70
4e45b67
Thu 14 Mar 2024 09:21:55 PM UTC: 
 exercises.c | 6 +++++-
 1 file changed, 5 insertions(+), 1 deletion(-)
 tests:  0|3
total_score: 40/70
576da2b
Thu 14 Mar 2024 09:25:30 PM UTC: 
 exercises.c | 2 +-
 1 file changed, 1 insertion(+), 1 deletion(-)
 tests:  0|2
total_score: 50/70
dd67067
Fri 15 Mar 2024 08:25:30 PM UTC: 
 exercises.c | 2 +-
 1 file changed, 1 insertion(+), 1 deletion(-)
 tests:  0|2
total_score: 50/70
67dbb28
Fri 15 Mar 2024 08:35:39 PM UTC: 
 exercises.c | 2 +-
 1 file changed, 1 insertion(+), 1 deletion(-)
 tests:  0|2
total_score: 50/70
19809e5
Fri 15 Mar 2024 08:47:58 PM UTC: 
 exercises.c | 2 +-
 1 file changed, 1 insertion(+), 1 deletion(-)
In file included from test.c:1:
exercises.c: In function ‘crearListaEnlazada’:
exercises.c:156:9: error: unused variable ‘cabeza’ [-Werror=unused-variable]
  156 |   Nodo *cabeza = NULL;
      |         ^~~~~~
cc1: all warnings being treated as errors
Compilation failed
eee6dc6
Fri 15 Mar 2024 08:48:06 PM UTC: 
 exercises.c | 1 -
 1 file changed, 1 deletion(-)
 tests:  0|2
total_score: 50/70
c29148c
Fri 15 Mar 2024 08:56:21 PM UTC: 
 exercises.c | 14 ++++++++++++--
 1 file changed, 12 insertions(+), 2 deletions(-)
In file included from test.c:1:
exercises.c: In function ‘checkSorted’:
exercises.c:101:7: error: variable ‘descendente’ set but not used [-Werror=unused-but-set-variable]
  101 |   int descendente = 1;
      |       ^~~~~~~~~~~
cc1: all warnings being treated as errors
Compilation failed
75b0b12
Fri 15 Mar 2024 08:56:29 PM UTC: 
 exercises.c | 2 +-
 1 file changed, 1 insertion(+), 1 deletion(-)
 tests:  0|2
total_score: 50/70
4d296d6
Fri 15 Mar 2024 08:57:37 PM UTC: 
 exercises.c | 7 +++++++
 1 file changed, 7 insertions(+)
 tests:  0|2
total_score: 50/70
88d37fe
Fri 15 Mar 2024 08:57:57 PM UTC: 
 exercises.c | 4 ++--
 1 file changed, 2 insertions(+), 2 deletions(-)
 tests:  0|2
total_score: 50/70
6e7ee59
Fri 15 Mar 2024 09:01:03 PM UTC: 
 exercises.c | 20 ++++++++++----------
 1 file changed, 10 insertions(+), 10 deletions(-)
In file included from test.c:1:
exercises.c: In function ‘checkSorted’:
exercises.c:101:3: error: expected identifier or ‘(’ before ‘int’
  101 |   int descendente = 1;
      |   ^~~
exercises.c:103:23: error: ‘n’ undeclared (first use in this function)
  103 |   for (int i = 1; i < n; i++)
      |                       ^
exercises.c:103:23: note: each undeclared identifier is reported only once for each function it appears in
exercises.c:109:11: error: ‘descendente’ undeclared (first use in this function); did you mean ‘ascendente’?
  109 |           descendente = 0;
      |           ^~~~~~~~~~~
      |           ascendente
Compilation failed
0ff7f59
Fri 15 Mar 2024 09:01:32 PM UTC: 
 exercises.c | 2 +-
 1 file changed, 1 insertion(+), 1 deletion(-)
In file included from test.c:1:
exercises.c: In function ‘checkSorted’:
exercises.c:103:23: error: ‘n’ undeclared (first use in this function)
  103 |   for (int i = 1; i < n; i++)
      |                       ^
exercises.c:103:23: note: each undeclared identifier is reported only once for each function it appears in
Compilation failed
dc251ff
Fri 15 Mar 2024 09:01:38 PM UTC: 
 exercises.c | 2 +-
 1 file changed, 1 insertion(+), 1 deletion(-)
 tests:  0|1
total_score: 60/70
578938d
Fri 15 Mar 2024 09:34:56 PM UTC: 
 exercises.c | 2 --
 1 file changed, 2 deletions(-)
 tests:  0|1
total_score: 60/70
95816d0
Fri 15 Mar 2024 09:46:22 PM UTC: 
 exercises.c | 8 +-------
 1 file changed, 1 insertion(+), 7 deletions(-)
 tests:  0|1
total_score: 60/70
6da0d26
Fri 15 Mar 2024 09:47:33 PM UTC: 
 exercises.c | 8 +++++++-
 1 file changed, 7 insertions(+), 1 deletion(-)
 tests:  0|1
total_score: 60/70
0eb8eb5
Fri 15 Mar 2024 09:59:50 PM UTC: 
 exercises.c | 2 +-
 1 file changed, 1 insertion(+), 1 deletion(-)
 tests:  0|1
total_score: 60/70
b7f6422
Sat 16 Mar 2024 06:54:20 PM UTC: 
 exercises.c | 17 ++++++++++++++---
 1 file changed, 14 insertions(+), 3 deletions(-)
 tests:  0|0
total_score: 70/70
d3cd329
